[INFO] [launch]: All log files can be found below /home/nvidia/.ros/log/2026-01-09-15-04-10-035436-EAORA07A-174655
[INFO] [launch]: Default logging verbosity is set to INFO
[INFO] [launch.user]: Box_AD 自动驾驶栈启动中 (使用 ROS2 Hybrid A* 全局规划)...
Task exception was never retrieved
future: <Task finished name='Task-2' coro=<LaunchService._process_one_event() done, defined at /opt/ros/foxy/lib/python3.8/site-packages/launch/launch_service.py:226> exception=PackageNotFoundError("package 'ros2_hybrid_a_star' not found, searching: ['/home/nvidia/vcii/wudi/Box_AD/install/Box_AD', '/home/nvidia/vcii/pointpillar_ros_version/install/lidar_detection', '/opt/ros/foxy']")>
Traceback (most recent call last):
  File "/opt/ros/foxy/lib/python3.8/site-packages/ament_index_python/packages.py", line 50, in get_package_prefix
    content, package_prefix = get_resource('packages', package_name)
  File "/opt/ros/foxy/lib/python3.8/site-packages/ament_index_python/resources.py", line 48, in get_resource
    raise LookupError(
LookupError: Could not find the resource 'ros2_hybrid_a_star' of type 'packages'

During handling of the above exception, another exception occurred:

Traceback (most recent call last):
  File "/opt/ros/foxy/lib/python3.8/site-packages/launch/launch_service.py", line 228, in _process_one_event
    await self.__process_event(next_event)
  File "/opt/ros/foxy/lib/python3.8/site-packages/launch/launch_service.py", line 248, in __process_event
    visit_all_entities_and_collect_futures(entity, self.__context))
  File "/opt/ros/foxy/lib/python3.8/site-packages/launch/utilities/visit_all_entities_and_collect_futures_impl.py", line 45, in visit_all_entities_and_collect_futures
    futures_to_return += visit_all_entities_and_collect_futures(sub_entity, context)
  File "/opt/ros/foxy/lib/python3.8/site-packages/launch/utilities/visit_all_entities_and_collect_futures_impl.py", line 45, in visit_all_entities_and_collect_futures
    futures_to_return += visit_all_entities_and_collect_futures(sub_entity, context)
  File "/opt/ros/foxy/lib/python3.8/site-packages/launch/utilities/visit_all_entities_and_collect_futures_impl.py", line 45, in visit_all_entities_and_collect_futures
    futures_to_return += visit_all_entities_and_collect_futures(sub_entity, context)
  [Previous line repeated 1 more time]
  File "/opt/ros/foxy/lib/python3.8/site-packages/launch/utilities/visit_all_entities_and_collect_futures_impl.py", line 38, in visit_all_entities_and_collect_futures
    sub_entities = entity.visit(context)
  File "/opt/ros/foxy/lib/python3.8/site-packages/launch/action.py", line 108, in visit
    return self.execute(context)
  File "/opt/ros/foxy/lib/python3.8/site-packages/launch_ros/actions/node.py", line 453, in execute
    ret = super().execute(context)
  File "/opt/ros/foxy/lib/python3.8/site-packages/launch/actions/execute_process.py", line 823, in execute
    self.__expand_substitutions(context)
  File "/opt/ros/foxy/lib/python3.8/site-packages/launch/actions/execute_process.py", line 668, in __expand_substitutions
    cmd = [perform_substitutions(context, x) for x in self.__cmd]
  File "/opt/ros/foxy/lib/python3.8/site-packages/launch/actions/execute_process.py", line 668, in <listcomp>
    cmd = [perform_substitutions(context, x) for x in self.__cmd]
  File "/opt/ros/foxy/lib/python3.8/site-packages/launch/utilities/perform_substitutions_impl.py", line 26, in perform_substitutions
    return ''.join([context.perform_substitution(sub) for sub in subs])
  File "/opt/ros/foxy/lib/python3.8/site-packages/launch/utilities/perform_substitutions_impl.py", line 26, in <listcomp>
    return ''.join([context.perform_substitution(sub) for sub in subs])
  File "/opt/ros/foxy/lib/python3.8/site-packages/launch/launch_context.py", line 232, in perform_substitution
    return substitution.perform(self)
  File "/opt/ros/foxy/lib/python3.8/site-packages/launch_ros/substitutions/executable_in_package.py", line 76, in perform
    package_prefix = super().perform(context)
  File "/opt/ros/foxy/lib/python3.8/site-packages/launch_ros/substitutions/find_package.py", line 79, in perform
    result = self.find(package)
  File "/opt/ros/foxy/lib/python3.8/site-packages/launch_ros/substitutions/find_package.py", line 96, in find
    return get_package_prefix(package_name)
  File "/opt/ros/foxy/lib/python3.8/site-packages/ament_index_python/packages.py", line 52, in get_package_prefix
    raise PackageNotFoundError(
ament_index_python.packages.PackageNotFoundError: "package 'ros2_hybrid_a_star' not found, searching: ['/home/nvidia/vcii/wudi/Box_AD/install/Box_AD', '/home/nvidia/vcii/pointpillar_ros_version/install/lidar_detection', '/opt/ros/foxy']"
Task exception was never retrieved
future: <Task finished name='Task-20' coro=<LaunchService._process_one_event() done, defined at /opt/ros/foxy/lib/python3.8/site-packages/launch/launch_service.py:226> exception=RuntimeError('Signal event received before subprocess transport available.')>
Traceback (most recent call last):
  File "/opt/ros/foxy/lib/python3.8/site-packages/launch/launch_service.py", line 228, in _process_one_event
    await self.__process_event(next_event)
  File "/opt/ros/foxy/lib/python3.8/site-packages/launch/launch_service.py", line 248, in __process_event
    visit_all_entities_and_collect_futures(entity, self.__context))
  File "/opt/ros/foxy/lib/python3.8/site-packages/launch/utilities/visit_all_entities_and_collect_futures_impl.py", line 38, in visit_all_entities_and_collect_futures
    sub_entities = entity.visit(context)
  File "/opt/ros/foxy/lib/python3.8/site-packages/launch/action.py", line 108, in visit
    return self.execute(context)
  File "/opt/ros/foxy/lib/python3.8/site-packages/launch/actions/opaque_function.py", line 75, in execute
    return self.__function(context, *self.__args, **self.__kwargs)
  File "/opt/ros/foxy/lib/python3.8/site-packages/launch/actions/execute_process.py", line 443, in __on_signal_process_event
    raise RuntimeError('Signal event received before subprocess transport available.')
RuntimeError: Signal event received before subprocess transport available.
[INFO] [publish_imu-1]: process started with pid [174693]
[INFO] [gps_imu_to_utm_pose-2]: process started with pid [174695]
[INFO] [png_map_publisher-3]: process started with pid [174697]
[INFO] [fast_lidar_obstacle_detector-4]: process started with pid [174699]
[INFO] [png_map_publisher-3]: sending signal 'SIGINT' to process[png_map_publisher-3]
[INFO] [gps_imu_to_utm_pose-2]: sending signal 'SIGINT' to process[gps_imu_to_utm_pose-2]
[INFO] [publish_imu-1]: sending signal 'SIGINT' to process[publish_imu-1]
[ERROR] [png_map_publisher-3]: process has died [pid 174697, exit code -2, cmd '/home/nvidia/vcii/wudi/Box_AD/install/Box_AD/lib/Box_AD/png_map_publisher --ros-args -r __node:=png_map_publisher --params-file /tmp/launch_params_bqh3ntf2'].
[ERROR] [gps_imu_to_utm_pose-2]: process has died [pid 174695, exit code 1, cmd '/home/nvidia/vcii/wudi/Box_AD/install/Box_AD/lib/Box_AD/gps_imu_to_utm_pose --ros-args -r __node:=gps_imu_to_utm_pose --params-file /tmp/launch_params_t46awsl2'].
[ERROR] [publish_imu-1]: process has died [pid 174693, exit code 1, cmd '/home/nvidia/vcii/wudi/Box_AD/install/Box_AD/lib/Box_AD/publish_imu --ros-args -r __node:=publish_imu'].
[gps_imu_to_utm_pose-2] Fatal Python error: init_import_size: Failed to import the site module
[gps_imu_to_utm_pose-2] Python runtime state: initialized
[gps_imu_to_utm_pose-2] Traceback (most recent call last):
[gps_imu_to_utm_pose-2]   File "/usr/lib/python3.8/site.py", line 79, in <module>
[gps_imu_to_utm_pose-2]     import os
[gps_imu_to_utm_pose-2]   File "/usr/lib/python3.8/os.py", line 29, in <module>
[gps_imu_to_utm_pose-2]     from _collections_abc import _check_methods
[gps_imu_to_utm_pose-2]   File "/usr/lib/python3.8/_collections_abc.py", line 856, in <module>
[gps_imu_to_utm_pose-2]     class Sequence(Reversible, Collection):
[gps_imu_to_utm_pose-2]   File "/usr/lib/python3.8/_collections_abc.py", line 913, in Sequence
[gps_imu_to_utm_pose-2]     def count(self, value):
[gps_imu_to_utm_pose-2] KeyboardInterrupt
[publish_imu-1] Fatal Python error: init_import_size: Failed to import the site module
[publish_imu-1] Python runtime state: initialized
[publish_imu-1] Traceback (most recent call last):
[publish_imu-1]   File "/usr/lib/python3.8/site.py", line 597, in <module>
[publish_imu-1]     main()
[publish_imu-1]   File "/usr/lib/python3.8/site.py", line 583, in main
[publish_imu-1]     known_paths = addusersitepackages(known_paths)
[publish_imu-1]   File "/usr/lib/python3.8/site.py", line 322, in addusersitepackages
[publish_imu-1]     addsitedir(user_site, known_paths)
[publish_imu-1]   File "/usr/lib/python3.8/site.py", line 204, in addsitedir
[publish_imu-1]     sitedir, sitedircase = makepath(sitedir)
[publish_imu-1]   File "/usr/lib/python3.8/site.py", line 98, in makepath
[publish_imu-1]     dir = os.path.join(*paths)
[publish_imu-1]   File "/usr/lib/python3.8/posixpath.py", line 82, in join
[publish_imu-1]     for b in map(os.fspath, p):
[publish_imu-1] KeyboardInterrupt
[fast_lidar_obstacle_detector-4] [INFO] [1767942250.908524279] [fast_lidar_obstacle_detector]: FastLidarObstacleDetectorNode started (optimized). Subscribing /rslidar_points_prev, /rslidar_points_left, /rslidar_points_right, /rslidar_points_top, /rslidar_points_back, publishing /fast_obstacles
[fast_lidar_obstacle_detector-4] [INFO] [1767942250.977627333] [fast_lidar_obstacle_detector]: 检测到 347 个障碍物 (前:0, 左:0, 右:0, 顶:347, 后:0)
[fast_lidar_obstacle_detector-4] [INFO] [1767942251.005360741] [fast_lidar_obstacle_detector]: 检测到 392 个障碍物 (前:0, 左:0, 右:45, 顶:347, 后:0)
[fast_lidar_obstacle_detector-4] [INFO] [1767942251.023606030] [fast_lidar_obstacle_detector]: 检测到 701 个障碍物 (前:309, 左:0, 右:45, 顶:347, 后:0)
[fast_lidar_obstacle_detector-4] [INFO] [1767942251.046481938] [fast_lidar_obstacle_detector]: 检测到 832 个障碍物 (前:309, 左:131, 右:45, 顶:347, 后:0)
[fast_lidar_obstacle_detector-4] [INFO] [1767942251.071012000] [fast_lidar_obstacle_detector]: 检测到 833 个障碍物 (前:310, 左:131, 右:45, 顶:347, 后:0)
[fast_lidar_obstacle_detector-4] [INFO] [1767942251.096107504] [fast_lidar_obstacle_detector]: 检测到 837 个障碍物 (前:310, 左:135, 右:45, 顶:347, 后:0)
[fast_lidar_obstacle_detector-4] [INFO] [1767942251.125081335] [fast_lidar_obstacle_detector]: 检测到 849 个障碍物 (前:310, 左:135, 右:45, 顶:347, 后:12)
[fast_lidar_obstacle_detector-4] [INFO] [1767942251.152687670] [fast_lidar_obstacle_detector]: 检测到 843 个障碍物 (前:304, 左:135, 右:45, 顶:347, 后:12)
[fast_lidar_obstacle_detector-4] [INFO] [1767942251.179287312] [fast_lidar_obstacle_detector]: 检测到 837 个障碍物 (前:304, 左:129, 右:45, 顶:347, 后:12)
[fast_lidar_obstacle_detector-4] [INFO] [1767942251.206705102] [fast_lidar_obstacle_detector]: 检测到 838 个障碍物 (前:304, 左:129, 右:46, 顶:347, 后:12)
[fast_lidar_obstacle_detector-4] [INFO] [1767942251.232834244] [fast_lidar_obstacle_detector]: 检测到 837 个障碍物 (前:304, 左:129, 右:46, 顶:346, 后:12)
[fast_lidar_obstacle_detector-4] [INFO] [1767942251.259330781] [fast_lidar_obstacle_detector]: 检测到 837 个障碍物 (前:304, 左:129, 右:46, 顶:346, 后:12)
[fast_lidar_obstacle_detector-4] [INFO] [1767942251.28516c